#
# There is insufficient memory for the Java Runtime Environment to continue.
# Native memory allocation (malloc) failed to allocate 1652480 bytes for Chunk::new
# Possible reasons:
#   The system is out of physical RAM or swap space
#   The process is running with CompressedOops enabled, and the Java Heap may be blocking the growth of the native heap
# Possible solutions:
#   Reduce memory load on the system
#   Increase physical memory or swap space
#   Check if swap backing store is full
#   Decrease Java heap size (-Xmx/-Xms)
#   Decrease number of Java threads
#   Decrease Java thread stack sizes (-Xss)
#   Set larger code cache with -XX:ReservedCodeCacheSize=
#   JVM is running with Unscaled Compressed Oops mode in which the Java heap is
#     placed in the first 4GB address space. The Java Heap base address is the
#     maximum limit for the native heap growth. Please use -XX:HeapBaseMinAddress
#     to set the Java Heap base and to place the Java Heap above 4GB virtual address.
# This output file may be truncated or incomplete.
#
#  Out of Memory Error (arena.cpp:168), pid=1012, tid=17056
#
# JRE version: Java(TM) SE Runtime Environment (21.0.4+8) (build 21.0.4+8-LTS-274)
# Java VM: Java HotSpot(TM) 64-Bit Server VM (21.0.4+8-LTS-274, mixed mode, sharing, tiered, compressed oops, compressed class ptrs, g1 gc, windows-amd64)
# No core dump will be written. Minidumps are not enabled by default on client versions of Windows
#

---------------  S U M M A R Y ------------

Command Line: -javaagent:C:\Program Files\JetBrains\IntelliJ IDEA Community Edition 2024.2.3\lib\idea_rt.jar=51516:C:\Program Files\JetBrains\IntelliJ IDEA Community Edition 2024.2.3\bin -Dfile.encoding=UTF-8 -Dsun.stdout.encoding=UTF-8 -Dsun.stderr.encoding=UTF-8 com.smartexpense.smart_expense_tracker.SmartExpenseTrackerApplication

Host: Intel(R) Core(TM) i5-8265U CPU @ 1.60GHz, 8 cores, 7G,  Windows 11 , 64 bit Build 22621 (10.0.22621.3958)
Time: Mon Oct 21 17:43:48 2024 SE Asia Standard Time elapsed time: 9.950480 seconds (0d 0h 0m 9s)

---------------  T H R E A D  ---------------

Current thread (0x0000023c6f740010):  JavaThread "C2 CompilerThread2" daemon [_thread_in_native, id=17056, stack(0x00000091eb100000,0x00000091eb200000) (1024K)]


Current CompileTask:
C2:   9950 7436 % !   4       org.springframework.beans.factory.support.DefaultListableBeanFactory::doGetBeanNamesForType @ 20 (505 bytes)

Stack: [0x00000091eb100000,0x00000091eb200000]
Native frames: (J=compiled Java code, j=interpreted, Vv=VM code, C=native code)
V  [jvm.dll+0x6c8e59]
V  [jvm.dll+0x853181]
V  [jvm.dll+0x8556ae]
V  [jvm.dll+0x855d83]
V  [jvm.dll+0x27d526]
V  [jvm.dll+0xc4aad]
V  [jvm.dll+0xc4fe3]
V  [jvm.dll+0x3b400c]
V  [jvm.dll+0x3809a5]
V  [jvm.dll+0x37fe1a]
V  [jvm.dll+0x246280]
V  [jvm.dll+0x24585f]
V  [jvm.dll+0x1c69de]
V  [jvm.dll+0x254d49]
V  [jvm.dll+0x2532da]
V  [jvm.dll+0x3ed426]
V  [jvm.dll+0x7fd65b]
V  [jvm.dll+0x6c753d]
C  [ucrtbase.dll+0x29333]
C  [KERNEL32.DLL+0x1257d]
C  [ntdll.dll+0x5af08]


---------------  P R O C E S S  ---------------

Threads class SMR info:
_java_thread_list=0x0000023c6bd04fd0, length=30, elements={
0x0000023c08eb3390, 0x0000023c257db460, 0x0000023c257dc380, 0x0000023c257e6520,
0x0000023c257e9820, 0x0000023c257ea690, 0x0000023c257ed6e0, 0x0000023c257f6090,
0x0000023c257fa600, 0x0000023c257aaea0, 0x0000023c25c665d0, 0x0000023c25c47870,
0x0000023c6b2d8850, 0x0000023c6e3f15a0, 0x0000023c6e428cc0, 0x0000023c70634d30,
0x0000023c6f740010, 0x0000023c70534200, 0x0000023c705355b0, 0x0000023c70535c40,
0x0000023c705334e0, 0x0000023c70533b70, 0x0000023c70534890, 0x0000023c705362d0,
0x0000023c70536960, 0x0000023c6c387390, 0x0000023c6c38a180, 0x0000023c6c387a20,
0x0000023c6c3831f0, 0x0000023c6c3880b0
}

Java Threads: ( => current thread )
  0x0000023c08eb3390 JavaThread "main"                              [_thread_in_vm, id=4492, stack(0x00000091e9500000,0x00000091e9600000) (1024K)]
  0x0000023c257db460 JavaThread "Reference Handler"          daemon [_thread_blocked, id=15416, stack(0x00000091e9d00000,0x00000091e9e00000) (1024K)]
  0x0000023c257dc380 JavaThread "Finalizer"                  daemon [_thread_blocked, id=2504, stack(0x00000091e9e00000,0x00000091e9f00000) (1024K)]
  0x0000023c257e6520 JavaThread "Signal Dispatcher"          daemon [_thread_blocked, id=13524, stack(0x00000091e9f00000,0x00000091ea000000) (1024K)]
  0x0000023c257e9820 JavaThread "Attach Listener"            daemon [_thread_blocked, id=11636, stack(0x00000091ea000000,0x00000091ea100000) (1024K)]
  0x0000023c257ea690 JavaThread "Service Thread"             daemon [_thread_blocked, id=8760, stack(0x00000091ea100000,0x00000091ea200000) (1024K)]
  0x0000023c257ed6e0 JavaThread "Monitor Deflation Thread"   daemon [_thread_blocked, id=7536, stack(0x00000091ea200000,0x00000091ea300000) (1024K)]
  0x0000023c257f6090 JavaThread "C2 CompilerThread0"         daemon [_thread_in_native, id=17232, stack(0x00000091ea300000,0x00000091ea400000) (1024K)]
  0x0000023c257fa600 JavaThread "C1 CompilerThread0"         daemon [_thread_blocked, id=14084, stack(0x00000091ea400000,0x00000091ea500000) (1024K)]
  0x0000023c257aaea0 JavaThread "Common-Cleaner"             daemon [_thread_blocked, id=5780, stack(0x00000091ea500000,0x00000091ea600000) (1024K)]
  0x0000023c25c665d0 JavaThread "Monitor Ctrl-Break"         daemon [_thread_in_native, id=11724, stack(0x00000091ea800000,0x00000091ea900000) (1024K)]
  0x0000023c25c47870 JavaThread "Notification Thread"        daemon [_thread_blocked, id=13968, stack(0x00000091ea900000,0x00000091eaa00000) (1024K)]
  0x0000023c6b2d8850 JavaThread "C2 CompilerThread1"         daemon [_thread_in_native, id=15028, stack(0x00000091ea600000,0x00000091ea700000) (1024K)]
  0x0000023c6e3f15a0 JavaThread "mysql-cj-abandoned-connection-cleanup" daemon [_thread_blocked, id=4372, stack(0x00000091eae00000,0x00000091eaf00000) (1024K)]
  0x0000023c6e428cc0 JavaThread "HikariPool-1 housekeeper"   daemon [_thread_blocked, id=16208, stack(0x00000091eb400000,0x00000091eb500000) (1024K)]
  0x0000023c70634d30 JavaThread "HikariPool-1 connection adder" daemon [_thread_blocked, id=13704, stack(0x00000091eb500000,0x00000091eb600000) (1024K)]
=>0x0000023c6f740010 JavaThread "C2 CompilerThread2"         daemon [_thread_in_native, id=17056, stack(0x00000091eb100000,0x00000091eb200000) (1024K)]
  0x0000023c70534200 JavaThread "Catalina-utility-1"                [_thread_blocked, id=9444, stack(0x00000091eb600000,0x00000091eb700000) (1024K)]
  0x0000023c705355b0 JavaThread "Catalina-utility-2"                [_thread_blocked, id=16552, stack(0x00000091eb700000,0x00000091eb800000) (1024K)]
  0x0000023c70535c40 JavaThread "container-0"                       [_thread_blocked, id=15448, stack(0x00000091eb800000,0x00000091eb900000) (1024K)]
  0x0000023c705334e0 JavaThread "http-nio-8080-exec-1"       daemon [_thread_blocked, id=4352, stack(0x00000091eb900000,0x00000091eba00000) (1024K)]
  0x0000023c70533b70 JavaThread "http-nio-8080-exec-2"       daemon [_thread_blocked, id=5668, stack(0x00000091eba00000,0x00000091ebb00000) (1024K)]
  0x0000023c70534890 JavaThread "http-nio-8080-exec-3"       daemon [_thread_blocked, id=11676, stack(0x00000091ebb00000,0x00000091ebc00000) (1024K)]
  0x0000023c705362d0 JavaThread "http-nio-8080-exec-4"       daemon [_thread_blocked, id=10356, stack(0x00000091ebc00000,0x00000091ebd00000) (1024K)]
  0x0000023c70536960 JavaThread "http-nio-8080-exec-5"       daemon [_thread_blocked, id=3132, stack(0x00000091ebd00000,0x00000091ebe00000) (1024K)]
  0x0000023c6c387390 JavaThread "http-nio-8080-exec-6"       daemon [_thread_blocked, id=13620, stack(0x00000091ebe00000,0x00000091ebf00000) (1024K)]
  0x0000023c6c38a180 JavaThread "http-nio-8080-exec-7"       daemon [_thread_blocked, id=3592, stack(0x00000091ebf00000,0x00000091ec000000) (1024K)]
  0x0000023c6c387a20 JavaThread "http-nio-8080-exec-8"       daemon [_thread_blocked, id=14212, stack(0x00000091ec000000,0x00000091ec100000) (1024K)]
  0x0000023c6c3831f0 JavaThread "http-nio-8080-exec-9"       daemon [_thread_blocked, id=7276, stack(0x00000091ec100000,0x00000091ec200000) (1024K)]
  0x0000023c6c3880b0 JavaThread "http-nio-8080-exec-10"      daemon [_thread_blocked, id=16540, stack(0x00000091ec200000,0x00000091ec300000) (1024K)]
Total: 30

Other Threads:
  0x0000023c257c35f0 VMThread "VM Thread"                           [id=10372, stack(0x00000091e9c00000,0x00000091e9d00000) (1024K)]
  0x0000023c257aa3b0 WatcherThread "VM Periodic Task Thread"        [id=10164, stack(0x00000091e9b00000,0x00000091e9c00000) (1024K)]
  0x0000023c08f0a0a0 WorkerThread "GC Thread#0"                     [id=2536, stack(0x00000091e9600000,0x00000091e9700000) (1024K)]
  0x0000023c6b30c490 WorkerThread "GC Thread#1"                     [id=8232, stack(0x00000091ea700000,0x00000091ea800000) (1024K)]
  0x0000023c6b8b3b10 WorkerThread "GC Thread#2"                     [id=8336, stack(0x00000091eaa00000,0x00000091eab00000) (1024K)]
  0x0000023c6b97b590 WorkerThread "GC Thread#3"                     [id=10808, stack(0x00000091eab00000,0x00000091eac00000) (1024K)]
  0x0000023c6b967d50 WorkerThread "GC Thread#4"                     [id=11084, stack(0x00000091eac00000,0x00000091ead00000) (1024K)]
  0x0000023c6b9680f0 WorkerThread "GC Thread#5"                     [id=6692, stack(0x00000091ead00000,0x00000091eae00000) (1024K)]
  0x0000023c6bd06080 WorkerThread "GC Thread#6"                     [id=7428, stack(0x00000091eaf00000,0x00000091eb000000) (1024K)]
  0x0000023c6bd708a0 WorkerThread "GC Thread#7"                     [id=10856, stack(0x00000091eb000000,0x00000091eb100000) (1024K)]
  0x0000023c08f1c4e0 ConcurrentGCThread "G1 Main Marker"            [id=13552, stack(0x00000091e9700000,0x00000091e9800000) (1024K)]
  0x0000023c08f1cef0 WorkerThread "G1 Conc#0"                       [id=14256, stack(0x00000091e9800000,0x00000091e9900000) (1024K)]
  0x0000023c6c5c11a0 WorkerThread "G1 Conc#1"                       [id=14180, stack(0x00000091eb200000,0x00000091eb300000) (1024K)]
  0x0000023c08f6e5b0 ConcurrentGCThread "G1 Refine#0"               [id=1984, stack(0x00000091e9900000,0x00000091e9a00000) (1024K)]
  0x0000023c2567d2b0 ConcurrentGCThread "G1 Service"                [id=11308, stack(0x00000091e9a00000,0x00000091e9b00000) (1024K)]
Total: 15

Threads with active compile tasks:
C2 CompilerThread0    10371 7445       4       org.springframework.util.ReflectionUtils::findMethod (109 bytes)
C2 CompilerThread1    10371 7529   !   4       org.springframework.core.annotation.AnnotationsScanner::processMethodHierarchy (276 bytes)
C2 CompilerThread2    10371 7436 % !   4       org.springframework.beans.factory.support.DefaultListableBeanFactory::doGetBeanNamesForType @ 20 (505 bytes)
Total: 3

VM state: not at safepoint (normal execution)

VM Mutex/Monitor currently owned by a thread:  ([mutex/lock_event])
[0x00007ff9cc9d5e18] Metaspace_lock - owner thread: 0x0000023c08eb3390

Heap address: 0x0000000082400000, size: 2012 MB, Compressed Oops mode: 32-bit

CDS archive(s) mapped at: [0x0000023c26000000-0x0000023c26c90000-0x0000023c26c90000), size 13172736, SharedBaseAddress: 0x0000023c26000000, ArchiveRelocationMode: 1.
Compressed class space mapped at: 0x0000023c27000000-0x0000023c67000000, reserved size: 1073741824
Narrow klass base: 0x0000023c26000000, Narrow klass shift: 0, Narrow klass range: 0x100000000

GC Precious Log:
 CardTable entry size: 512
 Card Set container configuration: InlinePtr #cards 5 size 8 Array Of Cards #cards 12 size 40 Howl #buckets 4 coarsen threshold 1843 Howl Bitmap #cards 512 size 80 coarsen threshold 460 Card regions per heap region 1 cards per card region 2048
 CPUs: 8 total, 8 available
 Memory: 8043M
 Large Page Support: Disabled
 NUMA Support: Disabled
 Compressed Oops: Enabled (32-bit)
 Heap Region Size: 1M
 Heap Min Capacity: 8M
 Heap Initial Capacity: 126M
 Heap Max Capacity: 2012M
 Pre-touch: Disabled
 Parallel Workers: 8
 Concurrent Workers: 2
 Concurrent Refinement Workers: 8
 Periodic GC: Disabled

Heap:
 garbage-first heap   total 118784K, used 70234K [0x0000000082400000, 0x0000000100000000)
  region size 1024K, 32 young (32768K), 5 survivors (5120K)
 Metaspace       used 78013K, committed 78720K, reserved 1179648K
  class space    used 10735K, committed 11072K, reserved 1048576K

Heap Regions: E=young(eden), S=young(survivor), O=old, HS=humongous(starts), HC=humongous(continues), CS=collection set, F=free, TAMS=top-at-mark-start, PB=parsable bottom
|   0|0x0000000082400000, 0x0000000082500000, 0x0000000082500000|100%|HS|  |TAMS 0x0000000082400000| PB 0x0000000082400000| Complete 
|   1|0x0000000082500000, 0x0000000082600000, 0x0000000082600000|100%| O|  |TAMS 0x0000000082500000| PB 0x0000000082500000| Untracked 
|   2|0x0000000082600000, 0x0000000082700000, 0x0000000082700000|100%| O|  |TAMS 0x0000000082600000| PB 0x0000000082600000| Untracked 
|   3|0x0000000082700000, 0x0000000082800000, 0x0000000082800000|100%| O|  |TAMS 0x0000000082700000| PB 0x0000000082700000| Untracked 
|   4|0x0000000082800000, 0x0000000082900000, 0x0000000082900000|100%| O|  |TAMS 0x0000000082800000| PB 0x0000000082800000| Untracked 
|   5|0x0000000082900000, 0x0000000082a00000, 0x0000000082a00000|100%| O|  |TAMS 0x0000000082900000| PB 0x0000000082900000| Untracked 
|   6|0x0000000082a00000, 0x0000000082b00000, 0x0000000082b00000|100%| O|  |TAMS 0x0000000082a00000| PB 0x0000000082a00000| Untracked 
|   7|0x0000000082b00000, 0x0000000082c00000, 0x0000000082c00000|100%| O|  |TAMS 0x0000000082b00000| PB 0x0000000082b00000| Untracked 
|   8|0x0000000082c00000, 0x0000000082d00000, 0x0000000082d00000|100%| O|  |TAMS 0x0000000082c00000| PB 0x0000000082c00000| Untracked 
|   9|0x0000000082d00000, 0x0000000082e00000, 0x0000000082e00000|100%| O|  |TAMS 0x0000000082d00000| PB 0x0000000082d00000| Untracked 
|  10|0x0000000082e00000, 0x0000000082f00000, 0x0000000082f00000|100%| O|  |TAMS 0x0000000082e00000| PB 0x0000000082e00000| Untracked 
|  11|0x0000000082f00000, 0x0000000083000000, 0x0000000083000000|100%| O|  |TAMS 0x0000000082f00000| PB 0x0000000082f00000| Untracked 
|  12|0x0000000083000000, 0x0000000083100000, 0x0000000083100000|100%| O|  |TAMS 0x0000000083000000| PB 0x0000000083000000| Untracked 
|  13|0x0000000083100000, 0x0000000083200000, 0x0000000083200000|100%| O|  |TAMS 0x0000000083100000| PB 0x0000000083100000| Untracked 
|  14|0x0000000083200000, 0x0000000083300000, 0x0000000083300000|100%| O|  |TAMS 0x0000000083200000| PB 0x0000000083200000| Untracked 
|  15|0x0000000083300000, 0x0000000083400000, 0x0000000083400000|100%| O|  |TAMS 0x0000000083300000| PB 0x0000000083300000| Untracked 
|  16|0x0000000083400000, 0x0000000083500000, 0x0000000083500000|100%| O|  |TAMS 0x0000000083400000| PB 0x0000000083400000| Untracked 
|  17|0x0000000083500000, 0x0000000083600000, 0x0000000083600000|100%| O|  |TAMS 0x0000000083500000| PB 0x0000000083500000| Untracked 
|  18|0x0000000083600000, 0x0000000083700000, 0x0000000083700000|100%| O|  |TAMS 0x0000000083600000| PB 0x0000000083600000| Untracked 
|  19|0x0000000083700000, 0x0000000083800000, 0x0000000083800000|100%| O|  |TAMS 0x0000000083700000| PB 0x0000000083700000| Untracked 
|  20|0x0000000083800000, 0x0000000083900000, 0x0000000083900000|100%| O|  |TAMS 0x0000000083800000| PB 0x0000000083800000| Untracked 
|  21|0x0000000083900000, 0x0000000083a00000, 0x0000000083a00000|100%| O|  |TAMS 0x0000000083900000| PB 0x0000000083900000| Untracked 
|  22|0x0000000083a00000, 0x0000000083b00000, 0x0000000083b00000|100%| O|  |TAMS 0x0000000083a00000| PB 0x0000000083a00000| Untracked 
|  23|0x0000000083b00000, 0x0000000083c00000, 0x0000000083c00000|100%| O|  |TAMS 0x0000000083b00000| PB 0x0000000083b00000| Untracked 
|  24|0x0000000083c00000, 0x0000000083d00000, 0x0000000083d00000|100%| O|  |TAMS 0x0000000083c00000| PB 0x0000000083c00000| Untracked 
|  25|0x0000000083d00000, 0x0000000083e00000, 0x0000000083e00000|100%| O|  |TAMS 0x0000000083d00000| PB 0x0000000083d00000| Untracked 
|  26|0x0000000083e00000, 0x0000000083f00000, 0x0000000083f00000|100%| O|  |TAMS 0x0000000083e00000| PB 0x0000000083e00000| Untracked 
|  27|0x0000000083f00000, 0x0000000084000000, 0x0000000084000000|100%| O|  |TAMS 0x0000000083f00000| PB 0x0000000083f00000| Untracked 
|  28|0x0000000084000000, 0x0000000084000000, 0x0000000084100000|  0%| F|  |TAMS 0x0000000084000000| PB 0x0000000084000000| Untracked 
|  29|0x0000000084100000, 0x0000000084200000, 0x0000000084200000|100%| O|  |TAMS 0x0000000084100000| PB 0x0000000084100000| Untracked 
|  30|0x0000000084200000, 0x0000000084300000, 0x0000000084300000|100%| O|  |TAMS 0x0000000084200000| PB 0x0000000084200000| Untracked 
|  31|0x0000000084300000, 0x0000000084400000, 0x0000000084400000|100%| O|  |TAMS 0x0000000084300000| PB 0x0000000084300000| Untracked 
|  32|0x0000000084400000, 0x0000000084500000, 0x0000000084500000|100%| O|  |TAMS 0x0000000084400000| PB 0x0000000084400000| Untracked 
|  33|0x0000000084500000, 0x0000000084600000, 0x0000000084600000|100%| O|  |TAMS 0x0000000084500000| PB 0x0000000084500000| Untracked 
|  34|0x0000000084600000, 0x0000000084700000, 0x0000000084700000|100%| O|  |TAMS 0x0000000084600000| PB 0x0000000084600000| Untracked 
|  35|0x0000000084700000, 0x0000000084800000, 0x0000000084800000|100%| O|  |TAMS 0x0000000084700000| PB 0x0000000084700000| Untracked 
|  36|0x0000000084800000, 0x0000000084855890, 0x0000000084900000| 33%| O|  |TAMS 0x0000000084800000| PB 0x0000000084800000| Untracked 
|  37|0x0000000084900000, 0x0000000084a00000, 0x0000000084a00000|100%| O|  |TAMS 0x0000000084900000| PB 0x0000000084900000| Untracked 
|  38|0x0000000084a00000, 0x0000000084b00000, 0x0000000084b00000|100%| O|  |TAMS 0x0000000084a00000| PB 0x0000000084a00000| Untracked 
|  39|0x0000000084b00000, 0x0000000084c00000, 0x0000000084c00000|100%| O|  |TAMS 0x0000000084b00000| PB 0x0000000084b00000| Untracked 
|  40|0x0000000084c00000, 0x0000000084c00000, 0x0000000084d00000|  0%| F|  |TAMS 0x0000000084c00000| PB 0x0000000084c00000| Untracked 
|  41|0x0000000084d00000, 0x0000000084d00000, 0x0000000084e00000|  0%| F|  |TAMS 0x0000000084d00000| PB 0x0000000084d00000| Untracked 
|  42|0x0000000084e00000, 0x0000000084e00000, 0x0000000084f00000|  0%| F|  |TAMS 0x0000000084e00000| PB 0x0000000084e00000| Untracked 
|  43|0x0000000084f00000, 0x0000000084f00000, 0x0000000085000000|  0%| F|  |TAMS 0x0000000084f00000| PB 0x0000000084f00000| Untracked 
|  44|0x0000000085000000, 0x0000000085000000, 0x0000000085100000|  0%| F|  |TAMS 0x0000000085000000| PB 0x0000000085000000| Untracked 
|  45|0x0000000085100000, 0x0000000085100000, 0x0000000085200000|  0%| F|  |TAMS 0x0000000085100000| PB 0x0000000085100000| Untracked 
|  46|0x0000000085200000, 0x0000000085200000, 0x0000000085300000|  0%| F|  |TAMS 0x0000000085200000| PB 0x0000000085200000| Untracked 
|  47|0x0000000085300000, 0x0000000085300000, 0x0000000085400000|  0%| F|  |TAMS 0x0000000085300000| PB 0x0000000085300000| Untracked 
|  48|0x0000000085400000, 0x0000000085400000, 0x0000000085500000|  0%| F|  |TAMS 0x0000000085400000| PB 0x0000000085400000| Untracked 
|  49|0x0000000085500000, 0x0000000085500000, 0x0000000085600000|  0%| F|  |TAMS 0x0000000085500000| PB 0x0000000085500000| Untracked 
|  50|0x0000000085600000, 0x0000000085600000, 0x0000000085700000|  0%| F|  |TAMS 0x0000000085600000| PB 0x0000000085600000| Untracked 
|  51|0x0000000085700000, 0x0000000085700000, 0x0000000085800000|  0%| F|  |TAMS 0x0000000085700000| PB 0x0000000085700000| Untracked 
|  52|0x0000000085800000, 0x0000000085800000, 0x0000000085900000|  0%| F|  |TAMS 0x0000000085800000| PB 0x0000000085800000| Untracked 
|  53|0x0000000085900000, 0x0000000085941340, 0x0000000085a00000| 25%| S|CS|TAMS 0x0000000085900000| PB 0x0000000085900000| Complete 
|  54|0x0000000085a00000, 0x0000000085b00000, 0x0000000085b00000|100%| S|CS|TAMS 0x0000000085a00000| PB 0x0000000085a00000| Complete 
|  55|0x0000000085b00000, 0x0000000085c00000, 0x0000000085c00000|100%| S|CS|TAMS 0x0000000085b00000| PB 0x0000000085b00000| Complete 
|  56|0x0000000085c00000, 0x0000000085d00000, 0x0000000085d00000|100%| S|CS|TAMS 0x0000000085c00000| PB 0x0000000085c00000| Complete 
|  57|0x0000000085d00000, 0x0000000085e00000, 0x0000000085e00000|100%| S|CS|TAMS 0x0000000085d00000| PB 0x0000000085d00000| Complete 
|  58|0x0000000085e00000, 0x0000000085e00000, 0x0000000085f00000|  0%| F|  |TAMS 0x0000000085e00000| PB 0x0000000085e00000| Untracked 
|  59|0x0000000085f00000, 0x0000000085f00000, 0x0000000086000000|  0%| F|  |TAMS 0x0000000085f00000| PB 0x0000000085f00000| Untracked 
|  60|0x0000000086000000, 0x0000000086000000, 0x0000000086100000|  0%| F|  |TAMS 0x0000000086000000| PB 0x0000000086000000| Untracked 
|  61|0x0000000086100000, 0x0000000086100000, 0x0000000086200000|  0%| F|  |TAMS 0x0000000086100000| PB 0x0000000086100000| Untracked 
|  62|0x0000000086200000, 0x0000000086200000, 0x0000000086300000|  0%| F|  |TAMS 0x0000000086200000| PB 0x0000000086200000| Untracked 
|  63|0x0000000086300000, 0x0000000086300000, 0x0000000086400000|  0%| F|  |TAMS 0x0000000086300000| PB 0x0000000086300000| Untracked 
|  64|0x0000000086400000, 0x0000000086400000, 0x0000000086500000|  0%| F|  |TAMS 0x0000000086400000| PB 0x0000000086400000| Untracked 
|  65|0x0000000086500000, 0x0000000086500000, 0x0000000086600000|  0%| F|  |TAMS 0x0000000086500000| PB 0x0000000086500000| Untracked 
|  66|0x0000000086600000, 0x0000000086600000, 0x0000000086700000|  0%| F|  |TAMS 0x0000000086600000| PB 0x0000000086600000| Untracked 
|  67|0x0000000086700000, 0x0000000086700000, 0x0000000086800000|  0%| F|  |TAMS 0x0000000086700000| PB 0x0000000086700000| Untracked 
|  68|0x0000000086800000, 0x0000000086800000, 0x0000000086900000|  0%| F|  |TAMS 0x0000000086800000| PB 0x0000000086800000| Untracked 
|  69|0x0000000086900000, 0x0000000086900000, 0x0000000086a00000|  0%| F|  |TAMS 0x0000000086900000| PB 0x0000000086900000| Untracked 
|  70|0x0000000086a00000, 0x0000000086a00000, 0x0000000086b00000|  0%| F|  |TAMS 0x0000000086a00000| PB 0x0000000086a00000| Untracked 
|  71|0x0000000086b00000, 0x0000000086b00000, 0x0000000086c00000|  0%| F|  |TAMS 0x0000000086b00000| PB 0x0000000086b00000| Untracked 
|  72|0x0000000086c00000, 0x0000000086c00000, 0x0000000086d00000|  0%| F|  |TAMS 0x0000000086c00000| PB 0x0000000086c00000| Untracked 
|  73|0x0000000086d00000, 0x0000000086d00000, 0x0000000086e00000|  0%| F|  |TAMS 0x0000000086d00000| PB 0x0000000086d00000| Untracked 
|  74|0x0000000086e00000, 0x0000000086e00000, 0x0000000086f00000|  0%| F|  |TAMS 0x0000000086e00000| PB 0x0000000086e00000| Untracked 
|  75|0x0000000086f00000, 0x0000000086f00000, 0x0000000087000000|  0%| F|  |TAMS 0x0000000086f00000| PB 0x0000000086f00000| Untracked 
|  76|0x0000000087000000, 0x0000000087000000, 0x0000000087100000|  0%| F|  |TAMS 0x0000000087000000| PB 0x0000000087000000| Untracked 
|  77|0x0000000087100000, 0x0000000087100000, 0x0000000087200000|  0%| F|  |TAMS 0x0000000087100000| PB 0x0000000087100000| Untracked 
|  78|0x0000000087200000, 0x0000000087200000, 0x0000000087300000|  0%| F|  |TAMS 0x0000000087200000| PB 0x0000000087200000| Untracked 
|  79|0x0000000087300000, 0x0000000087300000, 0x0000000087400000|  0%| F|  |TAMS 0x0000000087300000| PB 0x0000000087300000| Untracked 
|  80|0x0000000087400000, 0x0000000087400000, 0x0000000087500000|  0%| F|  |TAMS 0x0000000087400000| PB 0x0000000087400000| Untracked 
|  81|0x0000000087500000, 0x0000000087500000, 0x0000000087600000|  0%| F|  |TAMS 0x0000000087500000| PB 0x0000000087500000| Untracked 
|  82|0x0000000087600000, 0x0000000087600000, 0x0000000087700000|  0%| F|  |TAMS 0x0000000087600000| PB 0x0000000087600000| Untracked 
|  83|0x0000000087700000, 0x0000000087700000, 0x0000000087800000|  0%| F|  |TAMS 0x0000000087700000| PB 0x0000000087700000| Untracked 
|  84|0x0000000087800000, 0x0000000087800000, 0x0000000087900000|  0%| F|  |TAMS 0x0000000087800000| PB 0x0000000087800000| Untracked 
|  85|0x0000000087900000, 0x0000000087900000, 0x0000000087a00000|  0%| F|  |TAMS 0x0000000087900000| PB 0x0000000087900000| Untracked 
|  86|0x0000000087a00000, 0x0000000087a00000, 0x0000000087b00000|  0%| F|  |TAMS 0x0000000087a00000| PB 0x0000000087a00000| Untracked 
|  87|0x0000000087b00000, 0x0000000087b00000, 0x0000000087c00000|  0%| F|  |TAMS 0x0000000087b00000| PB 0x0000000087b00000| Untracked 
|  88|0x0000000087c00000, 0x0000000087c00000, 0x0000000087d00000|  0%| F|  |TAMS 0x0000000087c00000| PB 0x0000000087c00000| Untracked 
|  89|0x0000000087d00000, 0x0000000087d637e8, 0x0000000087e00000| 38%| E|  |TAMS 0x0000000087d00000| PB 0x0000000087d00000| Complete 
|  90|0x0000000087e00000, 0x0000000087f00000, 0x0000000087f00000|100%| E|CS|TAMS 0x0000000087e00000| PB 0x0000000087e00000| Complete 
|  91|0x0000000087f00000, 0x0000000088000000, 0x0000000088000000|100%| E|CS|TAMS 0x0000000087f00000| PB 0x0000000087f00000| Complete 
|  92|0x0000000088000000, 0x0000000088100000, 0x0000000088100000|100%| E|CS|TAMS 0x0000000088000000| PB 0x0000000088000000| Complete 
|  93|0x0000000088100000, 0x0000000088200000, 0x0000000088200000|100%| E|CS|TAMS 0x0000000088100000| PB 0x0000000088100000| Complete 
|  94|0x0000000088200000, 0x0000000088300000, 0x0000000088300000|100%| E|CS|TAMS 0x0000000088200000| PB 0x0000000088200000| Complete 
|  95|0x0000000088300000, 0x0000000088400000, 0x0000000088400000|100%| E|CS|TAMS 0x0000000088300000| PB 0x0000000088300000| Complete 
|  96|0x0000000088400000, 0x0000000088500000, 0x0000000088500000|100%| E|CS|TAMS 0x0000000088400000| PB 0x0000000088400000| Complete 
|  97|0x0000000088500000, 0x0000000088600000, 0x0000000088600000|100%| E|CS|TAMS 0x0000000088500000| PB 0x0000000088500000| Complete 
|  98|0x0000000088600000, 0x0000000088700000, 0x0000000088700000|100%| E|CS|TAMS 0x0000000088600000| PB 0x0000000088600000| Complete 
|  99|0x0000000088700000, 0x0000000088800000, 0x0000000088800000|100%| E|CS|TAMS 0x0000000088700000| PB 0x0000000088700000| Complete 
| 100|0x0000000088800000, 0x0000000088900000, 0x0000000088900000|100%| E|CS|TAMS 0x0000000088800000| PB 0x0000000088800000| Complete 
| 101|0x0000000088900000, 0x0000000088a00000, 0x0000000088a00000|100%| E|CS|TAMS 0x0000000088900000| PB 0x0000000088900000| Complete 
| 102|0x0000000088a00000, 0x0000000088b00000, 0x0000000088b00000|100%| E|CS|TAMS 0x0000000088a00000| PB 0x0000000088a00000| Complete 
| 103|0x0000000088b00000, 0x0000000088c00000, 0x0000000088c00000|100%| E|CS|TAMS 0x0000000088b00000| PB 0x0000000088b00000| Complete 
| 104|0x0000000088c00000, 0x0000000088d00000, 0x0000000088d00000|100%| E|CS|TAMS 0x0000000088c00000| PB 0x0000000088c00000| Complete 
| 105|0x0000000088d00000, 0x0000000088e00000, 0x0000000088e00000|100%| E|CS|TAMS 0x0000000088d00000| PB 0x0000000088d00000| Complete 
| 106|0x0000000088e00000, 0x0000000088f00000, 0x0000000088f00000|100%| E|CS|TAMS 0x0000000088e00000| PB 0x0000000088e00000| Complete 
| 107|0x0000000088f00000, 0x0000000089000000, 0x0000000089000000|100%| E|CS|TAMS 0x0000000088f00000| PB 0x0000000088f00000| Complete 
| 108|0x0000000089000000, 0x0000000089100000, 0x0000000089100000|100%| E|CS|TAMS 0x0000000089000000| PB 0x0000000089000000| Complete 
| 109|0x0000000089100000, 0x0000000089200000, 0x0000000089200000|100%| E|CS|TAMS 0x0000000089100000| PB 0x0000000089100000| Complete 
| 110|0x0000000089200000, 0x0000000089300000, 0x0000000089300000|100%| E|CS|TAMS 0x0000000089200000| PB 0x0000000089200000| Complete 
| 111|0x0000000089300000, 0x0000000089400000, 0x0000000089400000|100%| E|CS|TAMS 0x0000000089300000| PB 0x0000000089300000| Complete 
| 112|0x0000000089400000, 0x0000000089500000, 0x0000000089500000|100%| E|CS|TAMS 0x0000000089400000| PB 0x0000000089400000| Complete 
| 113|0x0000000089500000, 0x0000000089600000, 0x0000000089600000|100%| E|CS|TAMS 0x0000000089500000| PB 0x0000000089500000| Complete 
| 114|0x0000000089600000, 0x0000000089700000, 0x0000000089700000|100%| E|CS|TAMS 0x0000000089600000| PB 0x0000000089600000| Complete 
| 125|0x000000008a100000, 0x000000008a200000, 0x000000008a200000|100%| E|CS|TAMS 0x000000008a100000| PB 0x000000008a100000| Complete 

Card table byte_map: [0x0000023c20a40000,0x0000023c20e30000] _byte_map_base: 0x0000023c2062e000

Marking Bits: (CMBitMap*) 0x0000023c08f0aec0
 Bits: [0x0000023c20e30000, 0x0000023c22da0000)

Polling page: 0x0000023c08670000

Metaspace:

Usage:
  Non-class:     65.70 MB used.
      Class:     10.48 MB used.
       Both:     76.19 MB used.

Virtual space:
  Non-class space:      128.00 MB reserved,      66.06 MB ( 52%) committed,  2 nodes.
      Class space:        1.00 GB reserved,      10.81 MB (  1%) committed,  1 nodes.
             Both:        1.12 GB reserved,      76.88 MB (  7%) committed. 

Chunk freelists:
   Non-Class:  13.73 MB
       Class:  5.17 MB
        Both:  18.90 MB

MaxMetaspaceSize: unlimited
CompressedClassSpaceSize: 1.00 GB
Initial GC threshold: 21.00 MB
Current GC threshold: 119.81 MB
CDS: on
 - commit_granule_bytes: 65536.
 - commit_granule_words: 8192.
 - virtual_space_node_default_size: 8388608.
 - enlarge_chunks_in_place: 1.
 - use_allocation_guard: 0.


Internal statistics:

num_allocs_failed_limit: 9.
num_arena_births: 982.
num_arena_deaths: 0.
num_vsnodes_births: 3.
num_vsnodes_deaths: 0.
num_space_committed: 1230.
num_space_uncommitted: 0.
num_chunks_returned_to_freelist: 9.
num_chunks_taken_from_freelist: 3757.
num_chunk_merges: 9.
num_chunk_splits: 2695.
num_chunks_enlarged: 2107.
num_inconsistent_stats: 0.

CodeHeap 'non-profiled nmethods': size=120000Kb used=4788Kb max_used=4788Kb free=115211Kb
 bounds [0x0000023c18df0000, 0x0000023c192a0000, 0x0000023c20320000]
CodeHeap 'profiled nmethods': size=120000Kb used=12947Kb max_used=12947Kb free=107052Kb
 bounds [0x0000023c11320000, 0x0000023c11fd0000, 0x0000023c18850000]
CodeHeap 'non-nmethods': size=5760Kb used=1736Kb max_used=1809Kb free=4023Kb
 bounds [0x0000023c18850000, 0x0000023c18ac0000, 0x0000023c18df0000]
 total_blobs=7517 nmethods=6764 adapters=654
 compilation: enabled
              stopped_count=0, restarted_count=0
 full_count=0

Compilation events (20 events):
Event: 9.921 Thread 0x0000023c257fa600 7575       3       java.util.StringTokenizer::<init> (52 bytes)
Event: 9.921 Thread 0x0000023c257fa600 nmethod 7575 0x0000023c11f66110 code [0x0000023c11f662e0, 0x0000023c11f66648]
Event: 9.921 Thread 0x0000023c257fa600 7573       1       java.nio.file.FileTreeWalker$DirectoryNode::directory (5 bytes)
Event: 9.921 Thread 0x0000023c257fa600 nmethod 7573 0x0000023c19299a10 code [0x0000023c19299ba0, 0x0000023c19299c68]
Event: 9.922 Thread 0x0000023c257fa600 7576   !   3       sun.nio.fs.WindowsDirectoryStream$WindowsDirectoryIterator::acceptEntry (71 bytes)
Event: 9.923 Thread 0x0000023c257fa600 nmethod 7576 0x0000023c11f66810 code [0x0000023c11f66a60, 0x0000023c11f67238]
Event: 9.923 Thread 0x0000023c257fa600 7577   !   3       java.nio.file.FileTreeWalker::visit (204 bytes)
Event: 9.924 Thread 0x0000023c257fa600 nmethod 7577 0x0000023c11f67610 code [0x0000023c11f67980, 0x0000023c11f68f20]
Event: 9.924 Thread 0x0000023c257fa600 7578       3       org.springframework.core.annotation.TypeMappedAnnotations::isDirectlyPresent (39 bytes)
Event: 9.925 Thread 0x0000023c257fa600 nmethod 7578 0x0000023c11f69810 code [0x0000023c11f69a00, 0x0000023c11f69ff0]
Event: 9.925 Thread 0x0000023c257fa600 7579       3       org.springframework.core.annotation.MergedAnnotationsCollection::isDirectlyPresent (7 bytes)
Event: 9.925 Thread 0x0000023c257fa600 nmethod 7579 0x0000023c11f6a190 code [0x0000023c11f6a340, 0x0000023c11f6a480]
Event: 9.925 Thread 0x0000023c257fa600 7580       3       org.springframework.core.io.FileSystemResource::getFilename (32 bytes)
Event: 9.926 Thread 0x0000023c257fa600 nmethod 7580 0x0000023c11f6a510 code [0x0000023c11f6a6e0, 0x0000023c11f6aa80]
Event: 9.931 Thread 0x0000023c257fa600 7581       3       org.springframework.core.SerializableTypeWrapper$MethodParameterTypeProvider::<init> (59 bytes)
Event: 9.931 Thread 0x0000023c257fa600 nmethod 7581 0x0000023c11f6ac10 code [0x0000023c11f6ae20, 0x0000023c11f6b6c0]
Event: 9.931 Thread 0x0000023c257fa600 7582       2       org.springframework.core.ResolvableType::calculateHashCode (80 bytes)
Event: 9.931 Thread 0x0000023c257fa600 nmethod 7582 0x0000023c11f6b910 code [0x0000023c11f6bae0, 0x0000023c11f6bd08]
Event: 9.932 Thread 0x0000023c257fa600 7583       3       java.lang.invoke.MemberName::<init> (78 bytes)
Event: 9.932 Thread 0x0000023c257fa600 nmethod 7583 0x0000023c11f6be10 code [0x0000023c11f6c040, 0x0000023c11f6ca40]

GC Heap History (20 events):
Event: 4.383 GC heap before
{Heap before GC invocations=7 (full 0):
 garbage-first heap   total 51200K, used 33018K [0x0000000082400000, 0x0000000100000000)
  region size 1024K, 18 young (18432K), 3 survivors (3072K)
 Metaspace       used 35474K, committed 35968K, reserved 1114112K
  class space    used 4607K, committed 4800K, reserved 1048576K
}
Event: 4.389 GC heap after
{Heap after GC invocations=8 (full 0):
 garbage-first heap   total 61440K, used 20367K [0x0000000082400000, 0x0000000100000000)
  region size 1024K, 1 young (1024K), 1 survivors (1024K)
 Metaspace       used 35474K, committed 35968K, reserved 1114112K
  class space    used 4607K, committed 4800K, reserved 1048576K
}
Event: 5.416 GC heap before
{Heap before GC invocations=9 (full 0):
 garbage-first heap   total 61440K, used 50063K [0x0000000082400000, 0x0000000100000000)
  region size 1024K, 31 young (31744K), 1 survivors (1024K)
 Metaspace       used 47738K, committed 48320K, reserved 1114112K
  class space    used 6243K, committed 6528K, reserved 1048576K
}
Event: 5.422 GC heap after
{Heap after GC invocations=10 (full 0):
 garbage-first heap   total 61440K, used 23151K [0x0000000082400000, 0x0000000100000000)
  region size 1024K, 4 young (4096K), 4 survivors (4096K)
 Metaspace       used 47738K, committed 48320K, reserved 1114112K
  class space    used 6243K, committed 6528K, reserved 1048576K
}
Event: 6.100 GC heap before
{Heap before GC invocations=10 (full 0):
 garbage-first heap   total 61440K, used 50799K [0x0000000082400000, 0x0000000100000000)
  region size 1024K, 32 young (32768K), 4 survivors (4096K)
 Metaspace       used 54101K, committed 54656K, reserved 1114112K
  class space    used 7076K, committed 7296K, reserved 1048576K
}
Event: 6.109 GC heap after
{Heap after GC invocations=11 (full 0):
 garbage-first heap   total 61440K, used 24792K [0x0000000082400000, 0x0000000100000000)
  region size 1024K, 2 young (2048K), 2 survivors (2048K)
 Metaspace       used 54101K, committed 54656K, reserved 1114112K
  class space    used 7076K, committed 7296K, reserved 1048576K
}
Event: 6.532 GC heap before
{Heap before GC invocations=11 (full 0):
 garbage-first heap   total 61440K, used 45272K [0x0000000082400000, 0x0000000100000000)
  region size 1024K, 24 young (24576K), 2 survivors (2048K)
 Metaspace       used 59858K, committed 60416K, reserved 1114112K
  class space    used 8002K, committed 8256K, reserved 1048576K
}
Event: 6.537 GC heap after
{Heap after GC invocations=12 (full 0):
 garbage-first heap   total 61440K, used 25649K [0x0000000082400000, 0x0000000100000000)
  region size 1024K, 3 young (3072K), 3 survivors (3072K)
 Metaspace       used 59858K, committed 60416K, reserved 1114112K
  class space    used 8002K, committed 8256K, reserved 1048576K
}
Event: 7.151 GC heap before
{Heap before GC invocations=13 (full 0):
 garbage-first heap   total 61440K, used 52273K [0x0000000082400000, 0x0000000100000000)
  region size 1024K, 30 young (30720K), 3 survivors (3072K)
 Metaspace       used 65963K, committed 66624K, reserved 1114112K
  class space    used 8880K, committed 9152K, reserved 1048576K
}
Event: 7.159 GC heap after
{Heap after GC invocations=14 (full 0):
 garbage-first heap   total 61440K, used 27682K [0x0000000082400000, 0x0000000100000000)
  region size 1024K, 3 young (3072K), 3 survivors (3072K)
 Metaspace       used 65963K, committed 66624K, reserved 1114112K
  class space    used 8880K, committed 9152K, reserved 1048576K
}
Event: 7.702 GC heap before
{Heap before GC invocations=14 (full 0):
 garbage-first heap   total 61440K, used 53282K [0x0000000082400000, 0x0000000100000000)
  region size 1024K, 28 young (28672K), 3 survivors (3072K)
 Metaspace       used 69598K, committed 70272K, reserved 1114112K
  class space    used 9589K, committed 9920K, reserved 1048576K
}
Event: 7.718 GC heap after
{Heap after GC invocations=15 (full 0):
 garbage-first heap   total 61440K, used 29438K [0x0000000082400000, 0x0000000100000000)
  region size 1024K, 4 young (4096K), 4 survivors (4096K)
 Metaspace       used 69598K, committed 70272K, reserved 1114112K
  class space    used 9589K, committed 9920K, reserved 1048576K
}
Event: 8.353 GC heap before
{Heap before GC invocations=15 (full 0):
 garbage-first heap   total 61440K, used 52990K [0x0000000082400000, 0x0000000100000000)
  region size 1024K, 28 young (28672K), 4 survivors (4096K)
 Metaspace       used 72679K, committed 73344K, reserved 1114112K
  class space    used 10013K, committed 10304K, reserved 1048576K
}
Event: 8.358 GC heap after
{Heap after GC invocations=16 (full 0):
 garbage-first heap   total 61440K, used 31525K [0x0000000082400000, 0x0000000100000000)
  region size 1024K, 2 young (2048K), 2 survivors (2048K)
 Metaspace       used 72679K, committed 73344K, reserved 1114112K
  class space    used 10013K, committed 10304K, reserved 1048576K
}
Event: 8.575 GC heap before
{Heap before GC invocations=16 (full 0):
 garbage-first heap   total 61440K, used 55077K [0x0000000082400000, 0x0000000100000000)
  region size 1024K, 25 young (25600K), 2 survivors (2048K)
 Metaspace       used 72870K, committed 73600K, reserved 1114112K
  class space    used 10022K, committed 10368K, reserved 1048576K
}
Event: 8.579 GC heap after
{Heap after GC invocations=17 (full 0):
 garbage-first heap   total 61440K, used 33955K [0x0000000082400000, 0x0000000100000000)
  region size 1024K, 4 young (4096K), 4 survivors (4096K)
 Metaspace       used 72870K, committed 73600K, reserved 1114112K
  class space    used 10022K, committed 10368K, reserved 1048576K
}
Event: 8.709 GC heap before
{Heap before GC invocations=18 (full 0):
 garbage-first heap   total 65536K, used 52387K [0x0000000082400000, 0x0000000100000000)
  region size 1024K, 22 young (22528K), 4 survivors (4096K)
 Metaspace       used 72871K, committed 73600K, reserved 1114112K
  class space    used 10022K, committed 10368K, reserved 1048576K
}
Event: 8.717 GC heap after
{Heap after GC invocations=19 (full 0):
 garbage-first heap   total 65536K, used 39170K [0x0000000082400000, 0x0000000100000000)
  region size 1024K, 3 young (3072K), 3 survivors (3072K)
 Metaspace       used 72871K, committed 73600K, reserved 1114112K
  class space    used 10022K, committed 10368K, reserved 1048576K
}
Event: 8.796 GC heap before
{Heap before GC invocations=19 (full 0):
 garbage-first heap   total 65536K, used 55554K [0x0000000082400000, 0x0000000100000000)
  region size 1024K, 19 young (19456K), 3 survivors (3072K)
 Metaspace       used 72907K, committed 73664K, reserved 1114112K
  class space    used 10037K, committed 10368K, reserved 1048576K
}
Event: 8.802 GC heap after
{Heap after GC invocations=20 (full 0):
 garbage-first heap   total 118784K, used 40255K [0x0000000082400000, 0x0000000100000000)
  region size 1024K, 1 young (1024K), 1 survivors (1024K)
 Metaspace       used 72907K, committed 73664K, reserved 1114112K
  class space    used 10037K, committed 10368K, reserved 1048576K
}

Dll operation events (14 events):
Event: 0.010 Loaded shared library C:\Program Files\Java\jdk-21\bin\java.dll
Event: 0.042 Loaded shared library C:\Program Files\Java\jdk-21\bin\jsvml.dll
Event: 0.132 Loaded shared library C:\Program Files\Java\jdk-21\bin\zip.dll
Event: 0.136 Loaded shared library C:\Program Files\Java\jdk-21\bin\instrument.dll
Event: 0.142 Loaded shared library C:\Program Files\Java\jdk-21\bin\net.dll
Event: 0.144 Loaded shared library C:\Program Files\Java\jdk-21\bin\nio.dll
Event: 0.147 Loaded shared library C:\Program Files\Java\jdk-21\bin\zip.dll
Event: 0.247 Loaded shared library C:\Program Files\JetBrains\IntelliJ IDEA Community Edition 2024.2.3\bin\breakgen64.dll
Event: 0.411 Loaded shared library C:\Program Files\Java\jdk-21\bin\extnet.dll
Event: 0.444 Loaded shared library C:\Program Files\Java\jdk-21\bin\jimage.dll
Event: 1.939 Loaded shared library C:\Program Files\Java\jdk-21\bin\sunmscapi.dll
Event: 3.920 Loaded shared library C:\Program Files\Java\jdk-21\bin\management.dll
Event: 3.923 Loaded shared library C:\Program Files\Java\jdk-21\bin\management_ext.dll
Event: 4.526 Loaded shared library C:\Program Files\Java\jdk-21\bin\verify.dll

Deoptimization events (20 events):
Event: 9.776 Thread 0x0000023c08eb3390 Uncommon trap: trap_request=0xffffffc6 fr.pc=0x0000023c1925edd4 relative=0x0000000000001d54
Event: 9.776 Thread 0x0000023c08eb3390 Uncommon trap: reason=bimorphic_or_optimized_type_check action=maybe_recompile pc=0x0000023c1925edd4 method=org.springframework.core.annotation.AnnotationsScanner.processMethodHierarchy(Ljava/lang/Object;[ILjava/lang/Class;Lorg/springframework/core/annota
Event: 9.776 Thread 0x0000023c08eb3390 DEOPT PACKING pc=0x0000023c1925edd4 sp=0x00000091e95fb760
Event: 9.776 Thread 0x0000023c08eb3390 DEOPT UNPACKING pc=0x0000023c188a46a2 sp=0x00000091e95fb748 mode 2
Event: 9.776 Thread 0x0000023c08eb3390 Uncommon trap: trap_request=0xffffffc6 fr.pc=0x0000023c19276080 relative=0x00000000000009a0
Event: 9.776 Thread 0x0000023c08eb3390 Uncommon trap: reason=bimorphic_or_optimized_type_check action=maybe_recompile pc=0x0000023c19276080 method=org.springframework.core.annotation.AnnotationsScanner.processMethodAnnotations(Ljava/lang/Object;ILjava/lang/reflect/Method;Lorg/springframework/c
Event: 9.776 Thread 0x0000023c08eb3390 DEOPT PACKING pc=0x0000023c19276080 sp=0x00000091e95fb6b0
Event: 9.776 Thread 0x0000023c08eb3390 DEOPT UNPACKING pc=0x0000023c188a46a2 sp=0x00000091e95fb698 mode 2
Event: 9.776 Thread 0x0000023c08eb3390 Uncommon trap: trap_request=0xffffffc6 fr.pc=0x0000023c1926bfd0 relative=0x0000000000001210
Event: 9.776 Thread 0x0000023c08eb3390 Uncommon trap: reason=bimorphic_or_optimized_type_check action=maybe_recompile pc=0x0000023c1926bfd0 method=org.springframework.core.annotation.AnnotationsScanner.processClassHierarchy(Ljava/lang/Object;[ILjava/lang/Class;Lorg/springframework/core/annotat
Event: 9.776 Thread 0x0000023c08eb3390 DEOPT PACKING pc=0x0000023c1926bfd0 sp=0x00000091e95fb750
Event: 9.776 Thread 0x0000023c08eb3390 DEOPT UNPACKING pc=0x0000023c188a46a2 sp=0x00000091e95fb648 mode 2
Event: 9.791 Thread 0x0000023c08eb3390 Uncommon trap: trap_request=0xffffffc6 fr.pc=0x0000023c1927b40c relative=0x000000000000116c
Event: 9.791 Thread 0x0000023c08eb3390 Uncommon trap: reason=bimorphic_or_optimized_type_check action=maybe_recompile pc=0x0000023c1927b40c method=org.springframework.core.annotation.AnnotationsScanner.processClassHierarchy(Ljava/lang/Object;[ILjava/lang/Class;Lorg/springframework/core/annotat
Event: 9.791 Thread 0x0000023c08eb3390 DEOPT PACKING pc=0x0000023c1927b40c sp=0x00000091e95fb6a0
Event: 9.791 Thread 0x0000023c08eb3390 DEOPT UNPACKING pc=0x0000023c188a46a2 sp=0x00000091e95fb640 mode 2
Event: 9.792 Thread 0x0000023c08eb3390 Uncommon trap: trap_request=0xffffffc6 fr.pc=0x0000023c19282dc8 relative=0x0000000000001128
Event: 9.792 Thread 0x0000023c08eb3390 Uncommon trap: reason=bimorphic_or_optimized_type_check action=maybe_recompile pc=0x0000023c19282dc8 method=org.springframework.core.annotation.AnnotationsScanner.processClassHierarchy(Ljava/lang/Object;[ILjava/lang/Class;Lorg/springframework/core/annotat
Event: 9.792 Thread 0x0000023c08eb3390 DEOPT PACKING pc=0x0000023c19282dc8 sp=0x00000091e95fb600
Event: 9.792 Thread 0x0000023c08eb3390 DEOPT UNPACKING pc=0x0000023c188a46a2 sp=0x00000091e95fb638 mode 2

Classes loaded (20 events):
Event: 8.918 Loading class jdk/internal/reflect/ByteVector done
Event: 8.918 Loading class jdk/internal/reflect/ByteVectorImpl done
Event: 8.918 Loading class jdk/internal/reflect/ClassFileAssembler
Event: 8.919 Loading class jdk/internal/reflect/ClassFileAssembler done
Event: 8.919 Loading class jdk/internal/reflect/UTF8
Event: 8.919 Loading class jdk/internal/reflect/UTF8 done
Event: 8.920 Loading class jdk/internal/reflect/Label
Event: 8.920 Loading class jdk/internal/reflect/Label done
Event: 8.920 Loading class jdk/internal/reflect/Label$PatchInfo
Event: 8.920 Loading class jdk/internal/reflect/Label$PatchInfo done
Event: 8.920 Loading class jdk/internal/reflect/MethodAccessorGenerator$1
Event: 8.920 Loading class jdk/internal/reflect/MethodAccessorGenerator$1 done
Event: 8.920 Loading class jdk/internal/reflect/ClassDefiner
Event: 8.921 Loading class jdk/internal/reflect/ClassDefiner done
Event: 8.921 Loading class jdk/internal/reflect/ClassDefiner$1
Event: 8.921 Loading class jdk/internal/reflect/ClassDefiner$1 done
Event: 8.921 Loading class jdk/internal/reflect/SerializationConstructorAccessorImpl
Event: 8.921 Loading class jdk/internal/reflect/SerializationConstructorAccessorImpl done
Event: 9.800 Loading class sun/reflect/annotation/TypeAnnotation$TypeAnnotationTargetInfo
Event: 9.800 Loading class sun/reflect/annotation/TypeAnnotation$TypeAnnotationTargetInfo done

Classes unloaded (0 events):
No events

Classes redefined (0 events):
No events

Internal exceptions (20 events):
Event: 6.665 Thread 0x0000023c08eb3390 Exception <a 'java/lang/IncompatibleClassChangeError'{0x000000008770e5e8}: Found class java.lang.Object, but interface was expected> (0x000000008770e5e8) 
thrown [s\open\src\hotspot\share\interpreter\linkResolver.cpp, line 840]
Event: 6.675 Thread 0x0000023c08eb3390 Exception <a 'java/lang/NoSuchMethodError'{0x00000000877a2058}: 'java.lang.Object java.lang.invoke.DirectMethodHandle$Holder.newInvokeSpecial(java.lang.Object, java.lang.Object, int, java.lang.Object, int, java.lang.Object, java.lang.Object)'> (0x00000000877a2058) 
thrown [s\open\src\hotspot\share\interpreter\linkResolver.cpp, line 773]
Event: 6.681 Thread 0x0000023c08eb3390 Exception <a 'java/lang/NoSuchMethodError'{0x0000000085810068}: 'java.lang.Object java.lang.invoke.DirectMethodHandle$Holder.newInvokeSpecial(java.lang.Object, java.lang.Object, java.lang.Object, java.lang.Object, java.lang.Object, java.lang.Object, java.lang.Object, int)'> (0x0000000085810068) 
thrown [s\open\src\hotspot\share\interpreter\linkResolver.cpp, line 773]
Event: 6.682 Thread 0x0000023c08eb3390 Exception <a 'java/lang/NoSuchMethodError'{0x0000000085815088}: 'java.lang.Object java.lang.invoke.DirectMethodHandle$Holder.invokeSpecial(java.lang.Object, java.lang.Object, java.lang.Object, java.lang.Object, java.lang.Object, java.lang.Object, java.lang.Object, java.lang.Object, int)'> (0x0000000085815088) 
thrown [s\open\src\hotspot\share\interpreter\linkResolver.cpp, line 773]
Event: 6.682 Thread 0x0000023c08eb3390 Exception <a 'java/lang/NoSuchMethodError'{0x0000000085819b60}: 'java.lang.Object java.lang.invoke.Invokers$Holder.linkToTargetMethod(java.lang.Object, java.lang.Object, java.lang.Object, java.lang.Object, java.lang.Object, java.lang.Object, int, java.lang.Object)'> (0x0000000085819b60) 
thrown [s\open\src\hotspot\share\interpreter\linkResolver.cpp, line 773]
Event: 6.696 Thread 0x0000023c08eb3390 Exception <a 'java/lang/NoSuchMethodError'{0x00000000858cbce8}: 'void java.lang.invoke.DirectMethodHandle$Holder.invokeInterface(java.lang.Object, java.lang.Object)'> (0x00000000858cbce8) 
thrown [s\open\src\hotspot\share\interpreter\linkResolver.cpp, line 773]
Event: 6.797 Thread 0x0000023c08eb3390 Exception <a 'java/lang/NoSuchMethodError'{0x0000000085357b68}: 'java.lang.Object java.lang.invoke.DirectMethodHandle$Holder.invokeSpecial(java.lang.Object, java.lang.Object, int, java.lang.Object, int)'> (0x0000000085357b68) 
thrown [s\open\src\hotspot\share\interpreter\linkResolver.cpp, line 773]
Event: 6.899 Thread 0x0000023c08eb3390 Implicit null exception at 0x0000023c1915c5e0 to 0x0000023c1915caf8
Event: 6.900 Thread 0x0000023c08eb3390 Implicit null exception at 0x0000023c19158e20 to 0x0000023c19158e58
Event: 6.939 Thread 0x0000023c08eb3390 Exception <a 'java/lang/IncompatibleClassChangeError'{0x0000000084e2b240}: Found class java.lang.Object, but interface was expected> (0x0000000084e2b240) 
thrown [s\open\src\hotspot\share\interpreter\linkResolver.cpp, line 840]
Event: 6.942 Thread 0x0000023c08eb3390 Implicit null exception at 0x0000023c191476c0 to 0x0000023c19149200
Event: 6.948 Thread 0x0000023c08eb3390 Exception <a 'java/lang/IncompatibleClassChangeError'{0x0000000084e9e5c8}: Found class java.lang.Object, but interface was expected> (0x0000000084e9e5c8) 
thrown [s\open\src\hotspot\share\interpreter\linkResolver.cpp, line 840]
Event: 6.975 Thread 0x0000023c08eb3390 Implicit null exception at 0x0000023c18f9e417 to 0x0000023c18f9e690
Event: 6.987 Thread 0x0000023c08eb3390 Exception <a 'java/lang/IncompatibleClassChangeError'{0x0000000084c4ff80}: Found class java.lang.Object, but interface was expected> (0x0000000084c4ff80) 
thrown [s\open\src\hotspot\share\interpreter\linkResolver.cpp, line 840]
Event: 7.122 Thread 0x0000023c08eb3390 Exception <a 'java/lang/IncompatibleClassChangeError'{0x000000008437b8c0}: Found class java.lang.Object, but interface was expected> (0x000000008437b8c0) 
thrown [s\open\src\hotspot\share\interpreter\linkResolver.cpp, line 840]
Event: 8.052 Thread 0x0000023c08eb3390 Exception <a 'java/lang/IncompatibleClassChangeError'{0x00000000851dba88}: Found class java.lang.Object, but interface was expected> (0x00000000851dba88) 
thrown [s\open\src\hotspot\share\interpreter\linkResolver.cpp, line 840]
Event: 8.188 Thread 0x0000023c08eb3390 Exception <a 'java/lang/NoSuchMethodError'{0x0000000084c85a70}: 'long java.lang.invoke.DelegatingMethodHandle$Holder.reinvoke_L(java.lang.Object, java.lang.Object)'> (0x0000000084c85a70) 
thrown [s\open\src\hotspot\share\interpreter\linkResolver.cpp, line 773]
Event: 8.189 Thread 0x0000023c08eb3390 Exception <a 'java/lang/NoSuchMethodError'{0x0000000084c8fc50}: 'void java.lang.invoke.DelegatingMethodHandle$Holder.reinvoke_L(java.lang.Object, java.lang.Object, long)'> (0x0000000084c8fc50) 
thrown [s\open\src\hotspot\share\interpreter\linkResolver.cpp, line 773]
Event: 8.270 Thread 0x0000023c08eb3390 Exception <a 'java/lang/NoSuchMethodError'{0x0000000084956df8}: 'long java.lang.invoke.DirectMethodHandle$Holder.invokeVirtual(java.lang.Object, java.lang.Object)'> (0x0000000084956df8) 
thrown [s\open\src\hotspot\share\interpreter\linkResolver.cpp, line 773]
Event: 9.460 Thread 0x0000023c08eb3390 Exception <a 'java/lang/NoSuchMethodError'{0x0000000086c18b18}: 'java.lang.Object java.lang.invoke.DirectMethodHandle$Holder.newInvokeSpecial(java.lang.Object, java.lang.Object, java.lang.Object, java.lang.Object, java.lang.Object, java.lang.Object, java.lang.Object, java.lang.Object)'> (0x0000000086c18b18) 
thrown [s\open\src\hotspot\share\interpreter\linkResolver.cpp, line 773]

ZGC Phase Switch (0 events):
No events

VM Operations (20 events):
Event: 8.575 Executing VM operation: G1CollectForAllocation (G1 Evacuation Pause)
Event: 8.579 Executing VM operation: G1CollectForAllocation (G1 Evacuation Pause) done
Event: 8.635 Executing VM operation: G1PauseRemark
Event: 8.664 Executing VM operation: G1PauseRemark done
Event: 8.684 Executing VM operation: G1PauseCleanup
Event: 8.685 Executing VM operation: G1PauseCleanup done
Event: 8.709 Executing VM operation: G1CollectForAllocation (G1 Evacuation Pause)
Event: 8.717 Executing VM operation: G1CollectForAllocation (G1 Evacuation Pause) done
Event: 8.796 Executing VM operation: G1CollectForAllocation (G1 Evacuation Pause)
Event: 8.802 Executing VM operation: G1CollectForAllocation (G1 Evacuation Pause) done
Event: 9.352 Executing VM operation: ICBufferFull
Event: 9.352 Executing VM operation: ICBufferFull done
Event: 9.675 Executing VM operation: HandshakeAllThreads (Deoptimize)
Event: 9.675 Executing VM operation: HandshakeAllThreads (Deoptimize) done
Event: 9.738 Executing VM operation: HandshakeAllThreads (Deoptimize)
Event: 9.739 Executing VM operation: HandshakeAllThreads (Deoptimize) done
Event: 9.780 Executing VM operation: HandshakeAllThreads (Deoptimize)
Event: 9.780 Executing VM operation: HandshakeAllThreads (Deoptimize) done
Event: 9.782 Executing VM operation: HandshakeAllThreads (Deoptimize)
Event: 9.782 Executing VM operation: HandshakeAllThreads (Deoptimize) done

Events (20 events):
Event: 8.662 Thread 0x0000023c257c35f0 flushing nmethod 0x0000023c114e5290
Event: 8.662 Thread 0x0000023c257c35f0 flushing nmethod 0x0000023c114e7990
Event: 8.662 Thread 0x0000023c257c35f0 flushing nmethod 0x0000023c114e7d10
Event: 8.662 Thread 0x0000023c257c35f0 flushing nmethod 0x0000023c114e8590
Event: 8.662 Thread 0x0000023c257c35f0 flushing nmethod 0x0000023c114e9390
Event: 8.662 Thread 0x0000023c257c35f0 flushing nmethod 0x0000023c1151f890
Event: 8.662 Thread 0x0000023c257c35f0 flushing nmethod 0x0000023c115b1910
Event: 8.662 Thread 0x0000023c257c35f0 flushing nmethod 0x0000023c115e0e90
Event: 8.662 Thread 0x0000023c257c35f0 flushing nmethod 0x0000023c115e1410
Event: 8.662 Thread 0x0000023c257c35f0 flushing nmethod 0x0000023c115e1a90
Event: 8.662 Thread 0x0000023c257c35f0 flushing nmethod 0x0000023c115e2d10
Event: 8.662 Thread 0x0000023c257c35f0 flushing nmethod 0x0000023c11626b90
Event: 8.662 Thread 0x0000023c257c35f0 flushing nmethod 0x0000023c11629210
Event: 8.662 Thread 0x0000023c257c35f0 flushing nmethod 0x0000023c11656110
Event: 8.662 Thread 0x0000023c257c35f0 flushing nmethod 0x0000023c11731f10
Event: 8.662 Thread 0x0000023c257c35f0 flushing nmethod 0x0000023c11aaea10
Event: 8.662 Thread 0x0000023c257c35f0 flushing nmethod 0x0000023c11aafa10
Event: 8.662 Thread 0x0000023c257c35f0 flushing nmethod 0x0000023c11b03690
Event: 8.662 Thread 0x0000023c257c35f0 flushing nmethod 0x0000023c11bf6890
Event: 8.662 Thread 0x0000023c257c35f0 flushing nmethod 0x0000023c11c87f90


Dynamic libraries:
0x00007ff6613d0000 - 0x00007ff6613e0000 	C:\Program Files\Java\jdk-21\bin\java.exe
0x00007ffa3a0b0000 - 0x00007ffa3a2c7000 	C:\WINDOWS\SYSTEM32\ntdll.dll
0x00007ffa38740000 - 0x00007ffa38804000 	C:\WINDOWS\System32\KERNEL32.DLL
0x00007ffa37620000 - 0x00007ffa379d7000 	C:\WINDOWS\System32\KERNELBASE.dll
0x00007ffa37b60000 - 0x00007ffa37c71000 	C:\WINDOWS\System32\ucrtbase.dll
0x00007ffa27190000 - 0x00007ffa271ab000 	C:\Program Files\Java\jdk-21\bin\VCRUNTIME140.dll
0x00007ffa271b0000 - 0x00007ffa271c9000 	C:\Program Files\Java\jdk-21\bin\jli.dll
0x00007ffa38680000 - 0x00007ffa38732000 	C:\WINDOWS\System32\ADVAPI32.dll
0x00007ffa39740000 - 0x00007ffa397e7000 	C:\WINDOWS\System32\msvcrt.dll
0x00007ffa38390000 - 0x00007ffa38438000 	C:\WINDOWS\System32\sechost.dll
0x00007ffa37b30000 - 0x00007ffa37b58000 	C:\WINDOWS\System32\bcrypt.dll
0x00007ffa397f0000 - 0x00007ffa39904000 	C:\WINDOWS\System32\RPCRT4.dll
0x00007ffa39480000 - 0x00007ffa3962f000 	C:\WINDOWS\System32\USER32.dll
0x00007ffa379e0000 - 0x00007ffa37a06000 	C:\WINDOWS\System32\win32u.dll
0x00007ffa1fda0000 - 0x00007ffa20033000 	C:\WINDOWS\WinSxS\amd64_microsoft.windows.common-controls_6595b64144ccf1df_6.0.22621.3672_none_2713b9d173822955\COMCTL32.dll
0x00007ffa39b30000 - 0x00007ffa39b59000 	C:\WINDOWS\System32\GDI32.dll
0x00007ffa37a10000 - 0x00007ffa37b28000 	C:\WINDOWS\System32\gdi32full.dll
0x00007ffa37c80000 - 0x00007ffa37d1a000 	C:\WINDOWS\System32\msvcp_win.dll
0x00007ffa2f080000 - 0x00007ffa2f08a000 	C:\WINDOWS\SYSTEM32\VERSION.dll
0x00007ffa382c0000 - 0x00007ffa382f1000 	C:\WINDOWS\System32\IMM32.DLL
0x00007ffa2f450000 - 0x00007ffa2f45c000 	C:\Program Files\Java\jdk-21\bin\vcruntime140_1.dll
0x00007ffa02120000 - 0x00007ffa021ae000 	C:\Program Files\Java\jdk-21\bin\msvcp140.dll
0x00007ff9cbda0000 - 0x00007ff9ccab3000 	C:\Program Files\Java\jdk-21\bin\server\jvm.dll
0x00007ffa38310000 - 0x00007ffa38381000 	C:\WINDOWS\System32\WS2_32.dll
0x00007ffa37290000 - 0x00007ffa372dd000 	C:\WINDOWS\SYSTEM32\POWRPROF.dll
0x00007ffa30220000 - 0x00007ffa30254000 	C:\WINDOWS\SYSTEM32\WINMM.dll
0x00007ffa37270000 - 0x00007ffa37283000 	C:\WINDOWS\SYSTEM32\UMPDC.dll
0x00007ffa363d0000 - 0x00007ffa363e8000 	C:\WINDOWS\SYSTEM32\kernel.appcore.dll
0x00007ffa2d6f0000 - 0x00007ffa2d6fa000 	C:\Program Files\Java\jdk-21\bin\jimage.dll
0x00007ffa34e70000 - 0x00007ffa350a2000 	C:\WINDOWS\SYSTEM32\DBGHELP.DLL
0x00007ffa37de0000 - 0x00007ffa3816e000 	C:\WINDOWS\System32\combase.dll
0x00007ffa381c0000 - 0x00007ffa38297000 	C:\WINDOWS\System32\OLEAUT32.dll
0x00007ffa20b00000 - 0x00007ffa20b32000 	C:\WINDOWS\SYSTEM32\dbgcore.DLL
0x00007ffa37430000 - 0x00007ffa374ab000 	C:\WINDOWS\System32\bcryptPrimitives.dll
0x00007ffa2d280000 - 0x00007ffa2d28f000 	C:\Program Files\Java\jdk-21\bin\instrument.dll
0x00007ffa256a0000 - 0x00007ffa256bf000 	C:\Program Files\Java\jdk-21\bin\java.dll
0x00007ffa38b90000 - 0x00007ffa393f9000 	C:\WINDOWS\System32\SHELL32.dll
0x00007ffa352e0000 - 0x00007ffa35bdf000 	C:\WINDOWS\SYSTEM32\windows.storage.dll
0x00007ffa350b0000 - 0x00007ffa351ef000 	C:\WINDOWS\SYSTEM32\wintypes.dll
0x00007ffa39640000 - 0x00007ffa39739000 	C:\WINDOWS\System32\SHCORE.dll
0x00007ffa39910000 - 0x00007ffa3996e000 	C:\WINDOWS\System32\shlwapi.dll
0x00007ffa372f0000 - 0x00007ffa37317000 	C:\WINDOWS\SYSTEM32\profapi.dll
0x00007ff9f45b0000 - 0x00007ff9f4687000 	C:\Program Files\Java\jdk-21\bin\jsvml.dll
0x00007ffa10520000 - 0x00007ffa10538000 	C:\Program Files\Java\jdk-21\bin\zip.dll
0x00007ffa2c880000 - 0x00007ffa2c890000 	C:\Program Files\Java\jdk-21\bin\net.dll
0x00007ffa2ff60000 - 0x00007ffa30096000 	C:\WINDOWS\SYSTEM32\WINHTTP.dll
0x00007ffa36830000 - 0x00007ffa36899000 	C:\WINDOWS\system32\mswsock.dll
0x00007ffa20040000 - 0x00007ffa20056000 	C:\Program Files\Java\jdk-21\bin\nio.dll
0x00007ffa0d720000 - 0x00007ffa0d73a000 	C:\Program Files\JetBrains\IntelliJ IDEA Community Edition 2024.2.3\bin\breakgen64.dll
0x00007ffa2b480000 - 0x00007ffa2b489000 	C:\Program Files\Java\jdk-21\bin\extnet.dll
0x00007ffa2b8d0000 - 0x00007ffa2b8de000 	C:\Program Files\Java\jdk-21\bin\sunmscapi.dll
0x00007ffa374b0000 - 0x00007ffa37616000 	C:\WINDOWS\System32\CRYPT32.dll
0x00007ffa36bb0000 - 0x00007ffa36bdd000 	C:\WINDOWS\SYSTEM32\ncrypt.dll
0x00007ffa36b70000 - 0x00007ffa36ba7000 	C:\WINDOWS\SYSTEM32\NTASN1.dll
0x00007ffa36ec0000 - 0x00007ffa36edb000 	C:\WINDOWS\SYSTEM32\CRYPTSP.dll
0x00007ffa36330000 - 0x00007ffa36365000 	C:\WINDOWS\system32\rsaenh.dll
0x00007ffa368d0000 - 0x00007ffa368f8000 	C:\WINDOWS\SYSTEM32\USERENV.dll
0x00007ffa36a30000 - 0x00007ffa36a3c000 	C:\WINDOWS\SYSTEM32\CRYPTBASE.dll
0x00007ffa35e40000 - 0x00007ffa35e6d000 	C:\WINDOWS\SYSTEM32\IPHLPAPI.DLL
0x00007ffa38440000 - 0x00007ffa38449000 	C:\WINDOWS\System32\NSI.dll
0x00007ffa2c2a0000 - 0x00007ffa2c2aa000 	C:\Program Files\Java\jdk-21\bin\management.dll
0x00007ffa2bf20000 - 0x00007ffa2bf2b000 	C:\Program Files\Java\jdk-21\bin\management_ext.dll
0x00007ffa38300000 - 0x00007ffa38308000 	C:\WINDOWS\System32\PSAPI.DLL
0x00007ffa25300000 - 0x00007ffa25310000 	C:\Program Files\Java\jdk-21\bin\verify.dll
0x00007ffa35eb0000 - 0x00007ffa35fb2000 	C:\WINDOWS\SYSTEM32\DNSAPI.dll
0x00007ffa2d870000 - 0x00007ffa2d87a000 	C:\Windows\System32\rasadhlp.dll
0x00007ffa2eb60000 - 0x00007ffa2ebe3000 	C:\WINDOWS\System32\fwpuclnt.dll

dbghelp: loaded successfully - version: 4.0.5 - missing functions: none
symbol engine: initialized successfully - sym options: 0x614 - pdb path: .;C:\Program Files\Java\jdk-21\bin;C:\WINDOWS\SYSTEM32;C:\WINDOWS\WinSxS\amd64_microsoft.windows.common-controls_6595b64144ccf1df_6.0.22621.3672_none_2713b9d173822955;C:\Program Files\Java\jdk-21\bin\server;C:\Program Files\JetBrains\IntelliJ IDEA Community Edition 2024.2.3\bin

VM Arguments:
jvm_args: -javaagent:C:\Program Files\JetBrains\IntelliJ IDEA Community Edition 2024.2.3\lib\idea_rt.jar=51516:C:\Program Files\JetBrains\IntelliJ IDEA Community Edition 2024.2.3\bin -Dfile.encoding=UTF-8 -Dsun.stdout.encoding=UTF-8 -Dsun.stderr.encoding=UTF-8 
java_command: com.smartexpense.smart_expense_tracker.SmartExpenseTrackerApplication
java_class_path (initial): E:\JAVA\Smart Expense Tracker\smart-expense-tracker\smart-expense-tracker\target\classes;C:\Users\Asus\.m2\repository\org\springframework\boot\spring-boot-starter-data-jpa\3.3.4\spring-boot-starter-data-jpa-3.3.4.jar;C:\Users\Asus\.m2\repository\org\springframework\boot\spring-boot-starter-aop\3.3.4\spring-boot-starter-aop-3.3.4.jar;C:\Users\Asus\.m2\repository\org\springframework\spring-aop\6.1.13\spring-aop-6.1.13.jar;C:\Users\Asus\.m2\repository\org\aspectj\aspectjweaver\1.9.22.1\aspectjweaver-1.9.22.1.jar;C:\Users\Asus\.m2\repository\org\springframework\boot\spring-boot-starter-jdbc\3.3.4\spring-boot-starter-jdbc-3.3.4.jar;C:\Users\Asus\.m2\repository\com\zaxxer\HikariCP\5.1.0\HikariCP-5.1.0.jar;C:\Users\Asus\.m2\repository\org\springframework\spring-jdbc\6.1.13\spring-jdbc-6.1.13.jar;C:\Users\Asus\.m2\repository\org\hibernate\orm\hibernate-core\6.5.3.Final\hibernate-core-6.5.3.Final.jar;C:\Users\Asus\.m2\repository\jakarta\persistence\jakarta.persistence-api\3.1.0\jakarta.persistence-api-3.1.0.jar;C:\Users\Asus\.m2\repository\jakarta\transaction\jakarta.transaction-api\2.0.1\jakarta.transaction-api-2.0.1.jar;C:\Users\Asus\.m2\repository\org\jboss\logging\jboss-logging\3.5.3.Final\jboss-logging-3.5.3.Final.jar;C:\Users\Asus\.m2\repository\org\hibernate\common\hibernate-commons-annotations\6.0.6.Final\hibernate-commons-annotations-6.0.6.Final.jar;C:\Users\Asus\.m2\repository\io\smallrye\jandex\3.1.2\jandex-3.1.2.jar;C:\Users\Asus\.m2\repository\com\fasterxml\classmate\1.7.0\classmate-1.7.0.jar;C:\Users\Asus\.m2\repository\net\bytebuddy\byte-buddy\1.14.19\byte-buddy-1.14.19.jar;C:\Users\Asus\.m2\repository\org\glassfish\jaxb\jaxb-runtime\4.0.5\jaxb-runtime-4.0.5.jar;C:\Users\Asus\.m2\repository\org\glassfish\jaxb\jaxb-core\4.0.5\jaxb-core-4.0.5.jar;C:\Users\Asus\.m2\repository\org\eclipse\angus\angus-activation\2.0.2\angus-activation-2.0.2.jar;C:\Users\Asus\.m2\repository\org\glassfish\jaxb\txw2\4.0.5\txw2-4.0.5.jar;C:\Users\Asus\.m2\repository\com\sun\istack\istack-commons-runtime\4.1.2\istack-commons-runtime-4.1.2.jar;C:\Users\Asus\.m2\repository\jakarta\inject\jakarta.inject-api\2.0.1\jakarta.inject-api-2.0.1.jar;C:\Users\Asus\.m2\repository\org\antlr\antlr4-runtime\4.13.0\antlr4-runtime-4.13.0.jar;C:\Users\Asus\.m2\repository\org\springframework\data\spring-data-jpa\3.3.4\spring-data-jpa-3.3.4.jar;C:\Users\Asus\.m2\repository\org\springframework\data\spring-data-commons\3.3.4\spring-data-commons-3.3.4.jar;C:\Users\Asus\.m2\repository\org\springframework\spring-orm\6.1.13\spring-orm-6.1.13.jar;C:\Users\Asus\.m2\repository\org\springframework\spring-context\6.1.13\spring-context-6.1.13.jar;C:\Users\Asus\.m2\repository\org\springframework\spring-tx\6.1.13\spring-tx-6.1.13.jar;C:\Users\Asus\.m2\repository\org\springframework\spring-beans\6.1.13\spring-beans-6.1.13.jar;C:\Users\Asus\.m2\repository\jakarta\annotation\jakarta.annotation-api\2.1.1\jakarta.annotation-api-2.1.1.jar;C:\Users\Asus\.m2\repository\org\slf4j\slf4j-api\2.0.16\slf4j-api-2.0.16.jar;C:\Users\Asus\.m2\repository\org\springframework\spring-aspects\6.1.13\spring-aspects-6.1.13.jar;C:\Users\Asus\.m2\repository\org\springframework\boot\spring-boot-starter-oauth2-resource-server\3.3.4\spring-boot-starter-oauth2-resource-server-3.3.4.jar;C:\Users\Asus\.m2\repository\org\springframework\boot\spring-boot-starter\3.3.4\spring-boot-starter-3.3.4.jar;C:\Users\Asus\.m2\repository\org\springframework\boot\spring-boot\3.3.4\spring-boot-3.3.4.jar;C:\Users\Asus\.m2\repository\org\springframework\boot\spring-boot-autoconfigure\3.3.4\spring-boot-autoconfigure-3.3.4.jar;C:\Users\Asus\.m2\repository\org\springframework\boot\spring-boot-starter-logging\3.3.4\spring-boot-starter-logging-3.3.4.jar;C:\Users\Asus\.m2\repository\ch\qos\logback\logback-classic\1.5.8\logback-classic-1.5.8.jar;C:\Users\Asus\.m2\repository\ch\qos\logback\logback-core\1.5.8\logback-core-1.5.8.jar;C:\Users\Asus\.m2\repository\org\apache\logging\log4j\log4j-to-slf4j\2.23.1\log4j-to-slf4j-2.23.1.jar;C:\Users\Asus\.m2\repository\org\apache\logging\log4j\log4j-api\2.23.1\log4j-api-2.23.1.jar;C:\Users\Asus\.m2\repository\org\slf4j\jul-to-slf4j\2.0.16\jul-to-slf4j-2.0.16.jar;C:\Users\Asus\.m2\repository\org\yaml\snakeyaml\2.2\snakeyaml-2.2.jar;C:\Users\Asus\.m2\repository\org\springframework\security\spring-security-config\6.3.3\spring-security-config-6.3.3.jar;C:\Users\Asus\.m2\repository\org\springframework\security\spring-security-core\6.3.3\spring-security-core-6.3.3.jar;C:\Users\Asus\.m2\repository\org\springframework\spring-expression\6.1.13\spring-expression-6.1.13.jar;C:\Users\Asus\.m2\repository\io\micrometer\micrometer-observation\1.13.4\micrometer-observation-1.13.4.jar;C:\Users\Asus\.m2\repository\io\micrometer\micrometer-commons\1.13.4\micrometer-commons-1.13.4.jar;C:\Users\Asus\.m2\repository\org\springframework\security\spring-security-oauth2-resource-server\6.3.3\spring-security-oauth2-resource-server-6.3.3.jar;C:\Users\Asus\.m2\repository\org\springframework\security\spring-security-oauth2-core\6.3.3\spring-security-oauth2-core-6.3.3.jar;C:\Users\Asus\.m2\repository\org\springframework\security\spring-security-web\6.3.3\spring-security-web-6.3.3.jar;C:\Users\Asus\.m2\repository\org\springframework\security\spring-security-oauth2-jose\6.3.3\spring-security-oauth2-jose-6.3.3.jar;C:\Users\Asus\.m2\repository\com\nimbusds\nimbus-jose-jwt\9.37.3\nimbus-jose-jwt-9.37.3.jar;C:\Users\Asus\.m2\repository\com\github\stephenc\jcip\jcip-annotations\1.0-1\jcip-annotations-1.0-1.jar;C:\Users\Asus\.m2\repository\org\springframework\boot\spring-boot-starter-web\3.3.4\spring-boot-starter-web-3.3.4.jar;C:\Users\Asus\.m2\repository\org\springframework\boot\spring-boot-starter-json\3.3.4\spring-boot-starter-json-3.3.4.jar;C:\Users\Asus\.m2\repository\com\fasterxml\jackson\core\jackson-databind\2.17.2\jackson-databind-2.17.2.jar;C:\Users\Asus\.m2\repository\com\fasterxml\jackson\core\jackson-annotations\2.17.2\jackson-annotations-2.17.2.jar;C:\Users\Asus\.m2\repository\com\fasterxml\jackson\core\jackson-core\2.17.2\jackson-core-2.17.2.jar;C:\Users\Asus\.m2\repository\com\fasterxml\jackson\datatype\jackson-datatype-jdk8\2.17.2\jackson-datatype-jdk8-2.17.2.jar;C:\Users\Asus\.m2\repository\com\fasterxml\jackson\datatype\jackson-datatype-jsr310\2.17.2\jackson-datatype-jsr310-2.17.2.jar;C:\Users\Asus\.m2\repository\com\fasterxml\jackson\module\jackson-module-parameter-names\2.17.2\jackson-module-parameter-names-2.17.2.jar;C:\Users\Asus\.m2\repository\org\springframework\boot\spring-boot-starter-tomcat\3.3.4\spring-boot-starter-tomcat-3.3.4.jar;C:\Users\Asus\.m2\repository\org\apache\tomcat\embed\tomcat-embed-core\10.1.30\tomcat-embed-core-10.1.30.jar;C:\Users\Asus\.m2\repository\org\apache\tomcat\embed\tomcat-embed-websocket\10.1.30\tomcat-embed-websocket-10.1.30.jar;C:\Users\Asus\.m2\repository\org\springframework\spring-web\6.1.13\spring-web-6.1.13.jar;C:\Users\Asus\.m2\repository\org\springframework\spring-webmvc\6.1.13\spring-webmvc-6.1.13.jar;C:\Users\Asus\.m2\repository\com\mysql\mysql-connector-j\8.3.0\mysql-connector-j-8.3.0.jar;C:\Users\Asus\.m2\repository\jakarta\xml\bind\jakarta.xml.bind-api\4.0.2\jakarta.xml.bind-api-4.0.2.jar;C:\Users\Asus\.m2\repository\jakarta\activation\jakarta.activation-api\2.1.3\jakarta.activation-api-2.1.3.jar;C:\Users\Asus\.m2\repository\org\springframework\spring-core\6.1.13\spring-core-6.1.13.jar;C:\Users\Asus\.m2\repository\org\springframework\spring-jcl\6.1.13\spring-jcl-6.1.13.jar;C:\Users\Asus\.m2\repository\org\springframework\boot\spring-boot-starter-validation\3.3.4\spring-boot-starter-validation-3.3.4.jar;C:\Users\Asus\.m2\repository\org\apache\tomcat\embed\tomcat-embed-el\10.1.30\tomcat-embed-el-10.1.30.jar;C:\Users\Asus\.m2\repository\org\hibernate\validator\hibernate-validator\8.0.1.Final\hibernate-validator-8.0.1.Final.jar;C:\Users\Asus\.m2\repository\jakarta\validation\jakarta.validation-api\3.0.2\jakarta.validation-api-3.0.2.jar;C:\Users\Asus\.m2\repository\org\springframework\security\spring-security-crypto\6.3.3\spring-security-crypto-6.3.3.jar
Launcher Type: SUN_STANDARD

[Global flags]
     intx CICompilerCount                          = 4                                         {product} {ergonomic}
     uint ConcGCThreads                            = 2                                         {product} {ergonomic}
     uint G1ConcRefinementThreads                  = 8                                         {product} {ergonomic}
   size_t G1HeapRegionSize                         = 1048576                                   {product} {ergonomic}
    uintx GCDrainStackTargetSize                   = 64                                        {product} {ergonomic}
   size_t InitialHeapSize                          = 132120576                                 {product} {ergonomic}
   size_t MarkStackSize                            = 4194304                                   {product} {ergonomic}
   size_t MaxHeapSize                              = 2109734912                                {product} {ergonomic}
   size_t MaxNewSize                               = 1265631232                                {product} {ergonomic}
   size_t MinHeapDeltaBytes                        = 1048576                                   {product} {ergonomic}
   size_t MinHeapSize                              = 8388608                                   {product} {ergonomic}
    uintx NonNMethodCodeHeapSize                   = 5839372                                {pd product} {ergonomic}
    uintx NonProfiledCodeHeapSize                  = 122909434                              {pd product} {ergonomic}
    uintx ProfiledCodeHeapSize                     = 122909434                              {pd product} {ergonomic}
    uintx ReservedCodeCacheSize                    = 251658240                              {pd product} {ergonomic}
     bool SegmentedCodeCache                       = true                                      {product} {ergonomic}
   size_t SoftMaxHeapSize                          = 2109734912                             {manageable} {ergonomic}
     bool UseCompressedOops                        = true                           {product lp64_product} {ergonomic}
     bool UseG1GC                                  = true                                      {product} {ergonomic}
     bool UseLargePagesIndividualAllocation        = false                                  {pd product} {ergonomic}

Logging:
Log output configuration:
 #0: stdout all=warning uptime,level,tags foldmultilines=false
 #1: stderr all=off uptime,level,tags foldmultilines=false

Environment Variables:
JAVA_HOME=C:\Program Files\Java\jdk-21
PATH=C:\Program Files\Java\jdk-21\bin;C:\WINDOWS\system32;C:\WINDOWS;C:\WINDOWS\System32\Wbem;C:\WINDOWS\System32\WindowsPowerShell\v1.0\;C:\WINDOWS\System32\OpenSSH\;C:\Program Files\Microsoft SQL Server\Client SDK\ODBC\170\Tools\Binn\;C:\Program Files (x86)\Microsoft SQL Server\150\Tools\Binn\;C:\Program Files\Microsoft SQL Server\150\Tools\Binn\;C:\Program Files\Microsoft SQL Server\150\DTS\Binn\;C:\Program Files (x86)\Microsoft SQL Server\150\DTS\Binn\;C:\Program Files\NVIDIA Corporation\NVIDIA NvDLISR;C:\Program Files (x86)\NVIDIA Corporation\PhysX\Common;C:\WINDOWS\system32;C:\WINDOWS;C:\WINDOWS\System32\Wbem;C:\apache-maven-3.9.9\bin;C:\Program Files\Git\cmd;C:\Program Files\nodejs\;C:\Program Files\dotnet\;C:\Program Files\Docker\Docker\resources\bin;C:\Program Files\MySQL\MySQL Shell 8.0\bin\;C:\Users\Asus\AppData\Local\Microsoft\WindowsApps;C:\Program Files\Azure Data Studio\bin;C:\Users\Asus\AppData\Local\Programs\Microsoft VS Code\bin;C:\Users\Asus\AppData\Local\GitHubDesktop\bin;C:\Users\Asus\AppData\Roaming\npm;C:\Users\Asus\.dotnet\tools
USERNAME=Asus
OS=Windows_NT
PROCESSOR_IDENTIFIER=Intel64 Family 6 Model 142 Stepping 12, GenuineIntel
TMP=C:\Users\Asus\AppData\Local\Temp
TEMP=C:\Users\Asus\AppData\Local\Temp




Periodic native trim disabled

---------------  S Y S T E M  ---------------

OS:
 Windows 11 , 64 bit Build 22621 (10.0.22621.3958)
OS uptime: 3 days 7:07 hours
Hyper-V role detected

CPU: total 8 (initial active 8) (4 cores per cpu, 2 threads per core) family 6 model 142 stepping 12 microcode 0xde, cx8, cmov, fxsr, ht, mmx, 3dnowpref, sse, sse2, sse3, ssse3, sse4.1, sse4.2, popcnt, lzcnt, tsc, tscinvbit, avx, avx2, aes, erms, clmul, bmi1, bmi2, adx, fma, vzeroupper, clflush, clflushopt, hv, rdtscp, f16c
Processor Information for all 8 processors :
  Max Mhz: 1800, Current Mhz: 1600, Mhz Limit: 1584

Memory: 4k page, system-wide physical 8043M (491M free)
TotalPageFile size 14043M (AvailPageFile size 0M)
current process WorkingSet (physical memory assigned to process): 337M, peak: 337M
current process commit charge ("private bytes"): 376M, peak: 376M

vm_info: Java HotSpot(TM) 64-Bit Server VM (21.0.4+8-LTS-274) for windows-amd64 JRE (21.0.4+8-LTS-274), built on 2024-06-05T05:23:33Z by "mach5one" with MS VC++ 17.6 (VS2022)

END.
